{
  "stats": {
    "suites": 2,
    "tests": 8,
    "passes": 8,
    "pending": 0,
    "failures": 0,
    "start": "2020-07-20T11:55:14.957Z",
    "end": "2020-07-20T11:55:19.129Z",
    "duration": 4172,
    "testsRegistered": 8,
    "passPercent": 100,
    "pendingPercent": 0,
    "other": 0,
    "hasOther": false,
    "skipped": 0,
    "hasSkipped": false
  },
  "results": [
    {
      "uuid": "3c24abe3-845f-45c8-8011-6e4ac21bccc2",
      "title": "",
      "fullFile": "cypress/integration/examples/connectors.spec.js",
      "file": "cypress/integration/examples/connectors.spec.js",
      "beforeHooks": [],
      "afterHooks": [],
      "tests": [],
      "suites": [
        {
          "uuid": "a6aed671-e479-4c64-a932-4436c2a94be5",
          "title": "Connectors",
          "fullFile": "",
          "file": "",
          "beforeHooks": [],
          "afterHooks": [],
          "tests": [
            {
              "title": ".each() - iterate over an array of elements",
              "fullTitle": "Connectors .each() - iterate over an array of elements",
              "timedOut": null,
              "duration": 934,
              "state": "passed",
              "speed": "slow",
              "pass": true,
              "fail": false,
              "pending": false,
              "context": null,
              "code": "// https://on.cypress.io/each\ncy.get('.connectors-each-ul>li').each(function ($el, index, $list) {\n  console.log($el, index, $list);\n});",
              "err": {},
              "uuid": "0664bcbc-f091-4057-8112-92ff27916b50",
              "parentUUID": "a6aed671-e479-4c64-a932-4436c2a94be5",
              "isHook": false,
              "skipped": false
            },
            {
              "title": ".its() - get properties on the current subject",
              "fullTitle": "Connectors .its() - get properties on the current subject",
              "timedOut": null,
              "duration": 343,
              "state": "passed",
              "speed": "slow",
              "pass": true,
              "fail": false,
              "pending": false,
              "context": null,
              "code": "// https://on.cypress.io/its\ncy.get('.connectors-its-ul>li') // calls the 'length' property yielding that value\n.its('length').should('be.gt', 2);",
              "err": {},
              "uuid": "7c3a5d80-ef82-4c6d-815f-cf9c6880b3f4",
              "parentUUID": "a6aed671-e479-4c64-a932-4436c2a94be5",
              "isHook": false,
              "skipped": false
            },
            {
              "title": ".invoke() - invoke a function on the current subject",
              "fullTitle": "Connectors .invoke() - invoke a function on the current subject",
              "timedOut": null,
              "duration": 321,
              "state": "passed",
              "speed": "slow",
              "pass": true,
              "fail": false,
              "pending": false,
              "context": null,
              "code": "// our div is hidden in our script.js\n// $('.connectors-div').hide()\n// https://on.cypress.io/invoke\ncy.get('.connectors-div').should('be.hidden') // call the jquery method 'show' on the 'div.container'\n.invoke('show').should('be.visible');",
              "err": {},
              "uuid": "036ed92a-a292-4413-ad4d-fc9585d7b404",
              "parentUUID": "a6aed671-e479-4c64-a932-4436c2a94be5",
              "isHook": false,
              "skipped": false
            },
            {
              "title": ".spread() - spread an array as individual args to callback function",
              "fullTitle": "Connectors .spread() - spread an array as individual args to callback function",
              "timedOut": null,
              "duration": 294,
              "state": "passed",
              "speed": "slow",
              "pass": true,
              "fail": false,
              "pending": false,
              "context": null,
              "code": "// https://on.cypress.io/spread\nvar arr = ['foo', 'bar', 'baz'];\ncy.wrap(arr).spread(function (foo, bar, baz) {\n  expect(foo).to.eq('foo');\n  expect(bar).to.eq('bar');\n  expect(baz).to.eq('baz');\n});",
              "err": {},
              "uuid": "6ae6d6d1-5758-4e4e-838f-b3c4d81d838c",
              "parentUUID": "a6aed671-e479-4c64-a932-4436c2a94be5",
              "isHook": false,
              "skipped": false
            }
          ],
          "suites": [
            {
              "uuid": "aaf49750-320d-45e8-9a96-a8e16da467b8",
              "title": ".then()",
              "fullFile": "",
              "file": "",
              "beforeHooks": [],
              "afterHooks": [],
              "tests": [
                {
                  "title": "invokes a callback function with the current subject",
                  "fullTitle": "Connectors .then() invokes a callback function with the current subject",
                  "timedOut": null,
                  "duration": 347,
                  "state": "passed",
                  "speed": "slow",
                  "pass": true,
                  "fail": false,
                  "pending": false,
                  "context": null,
                  "code": "// https://on.cypress.io/then\ncy.get('.connectors-list > li').then(function ($lis) {\n  expect($lis, '3 items').to.have.length(3);\n  expect($lis.eq(0), 'first item').to.contain('Walk the dog');\n  expect($lis.eq(1), 'second item').to.contain('Feed the cat');\n  expect($lis.eq(2), 'third item').to.contain('Write JavaScript');\n});",
                  "err": {},
                  "uuid": "18c642ca-97ea-455e-abc3-a5c9d58193c2",
                  "parentUUID": "aaf49750-320d-45e8-9a96-a8e16da467b8",
                  "isHook": false,
                  "skipped": false
                },
                {
                  "title": "yields the returned value to the next command",
                  "fullTitle": "Connectors .then() yields the returned value to the next command",
                  "timedOut": null,
                  "duration": 291,
                  "state": "passed",
                  "speed": "slow",
                  "pass": true,
                  "fail": false,
                  "pending": false,
                  "context": null,
                  "code": "cy.wrap(1).then(function (num) {\n  expect(num).to.equal(1);\n  return 2;\n}).then(function (num) {\n  expect(num).to.equal(2);\n});",
                  "err": {},
                  "uuid": "c01a1730-3f94-44e7-a9eb-bc5a3bc4105c",
                  "parentUUID": "aaf49750-320d-45e8-9a96-a8e16da467b8",
                  "isHook": false,
                  "skipped": false
                },
                {
                  "title": "yields the original subject without return",
                  "fullTitle": "Connectors .then() yields the original subject without return",
                  "timedOut": null,
                  "duration": 312,
                  "state": "passed",
                  "speed": "slow",
                  "pass": true,
                  "fail": false,
                  "pending": false,
                  "context": null,
                  "code": "cy.wrap(1).then(function (num) {\n  expect(num).to.equal(1); // note that nothing is returned from this callback\n}).then(function (num) {\n  // this callback receives the original unchanged value 1\n  expect(num).to.equal(1);\n});",
                  "err": {},
                  "uuid": "119b601b-eb77-45da-ac59-fe1afdad7d3c",
                  "parentUUID": "aaf49750-320d-45e8-9a96-a8e16da467b8",
                  "isHook": false,
                  "skipped": false
                },
                {
                  "title": "yields the value yielded by the last Cypress command inside",
                  "fullTitle": "Connectors .then() yields the value yielded by the last Cypress command inside",
                  "timedOut": null,
                  "duration": 285,
                  "state": "passed",
                  "speed": "slow",
                  "pass": true,
                  "fail": false,
                  "pending": false,
                  "context": null,
                  "code": "cy.wrap(1).then(function (num) {\n  expect(num).to.equal(1); // note how we run a Cypress command\n  // the result yielded by this Cypress command\n  // will be passed to the second \".then\"\n  cy.wrap(2);\n}).then(function (num) {\n  // this callback receives the value yielded by \"cy.wrap(2)\"\n  expect(num).to.equal(2);\n});",
                  "err": {},
                  "uuid": "5ded882f-905a-4ff1-aaca-eb90f49289e1",
                  "parentUUID": "aaf49750-320d-45e8-9a96-a8e16da467b8",
                  "isHook": false,
                  "skipped": false
                }
              ],
              "suites": [],
              "passes": [
                "18c642ca-97ea-455e-abc3-a5c9d58193c2",
                "c01a1730-3f94-44e7-a9eb-bc5a3bc4105c",
                "119b601b-eb77-45da-ac59-fe1afdad7d3c",
                "5ded882f-905a-4ff1-aaca-eb90f49289e1"
              ],
              "failures": [],
              "pending": [],
              "skipped": [],
              "duration": 1235,
              "root": false,
              "rootEmpty": false,
              "_timeout": 2000
            }
          ],
          "passes": [
            "0664bcbc-f091-4057-8112-92ff27916b50",
            "7c3a5d80-ef82-4c6d-815f-cf9c6880b3f4",
            "036ed92a-a292-4413-ad4d-fc9585d7b404",
            "6ae6d6d1-5758-4e4e-838f-b3c4d81d838c"
          ],
          "failures": [],
          "pending": [],
          "skipped": [],
          "duration": 1892,
          "root": false,
          "rootEmpty": false,
          "_timeout": 2000
        }
      ],
      "passes": [],
      "failures": [],
      "pending": [],
      "skipped": [],
      "duration": 0,
      "root": true,
      "rootEmpty": true,
      "_timeout": 2000
    }
  ],
  "meta": {
    "mocha": {
      "version": "7.0.1"
    },
    "mochawesome": {
      "options": {
        "quiet": false,
        "reportFilename": "mochawesome",
        "saveHtml": false,
        "saveJson": true,
        "consoleReporter": "spec",
        "useInlineDiffs": false,
        "code": true
      },
      "version": "6.1.1"
    },
    "marge": {
      "options": {
        "id": "default",
        "quite": true,
        "overwrite": false,
        "html": false,
        "json": true
      },
      "version": "5.1.0"
    }
  }
}